=== RUN   TestInitialElection3A
Test (3A): initial election ...
[34m Server 2 starts election term 0 [0m
server 0 åŒæ„å‘ server 2æŠ•ç¥¨
	args= &{Term:1 CandidateId:2 LastLogIndex:-1 LastLogTerm:0}
server 1 åŒæ„å‘ server 2æŠ•ç¥¨
	args= &{Term:1 CandidateId:2 LastLogIndex:-1 LastLogTerm:0}
[32m Server 2 becomes leader term 1 [0m
[33m Server 1 heartbeat from 2 term 1 [0m
[33m Server 0 heartbeat from 2 term 1 [0m
[33m Server 1 heartbeat from 2 term 1 [0m
[33m Server 0 heartbeat from 2 term 1 [0m
[33m Server 1 heartbeat from 2 term 1 [0m
[33m Server 0 heartbeat from 2 term 1 [0m
[33m Server 1 heartbeat from 2 term 1 [0m
[33m Server 0 heartbeat from 2 term 1 [0m
[33m Server 1 heartbeat from 2 term 1 [0m
[33m Server 0 heartbeat from 2 term 1 [0m
[33m Server 1 heartbeat from 2 term 1 [0m
[33m Server 0 heartbeat from 2 term 1 [0m
[33m Server 1 heartbeat from 2 term 1 [0m
[33m Server 0 heartbeat from 2 term 1 [0m
[33m Server 1 heartbeat from 2 term 1 [0m
[33m Server 0 heartbeat from 2 term 1 [0m
[33m Server 1 heartbeat from 2 term 1 [0m
[33m Server 0 heartbeat from 2 term 1 [0m
[33m Server 0 heartbeat from 2 term 1 [0m
[33m Server 1 heartbeat from 2 term 1 [0m
[33m Server 1 heartbeat from 2 term 1 [0m
[33m Server 0 heartbeat from 2 term 1 [0m
[33m Server 1 heartbeat from 2 term 1 [0m
[33m Server 0 heartbeat from 2 term 1 [0m
[33m Server 1 heartbeat from 2 term 1 [0m
[33m Server 0 heartbeat from 2 term 1 [0m
[33m Server 1 heartbeat from 2 term 1 [0m
[33m Server 0 heartbeat from 2 term 1 [0m
[33m Server 1 heartbeat from 2 term 1 [0m
[33m Server 0 heartbeat from 2 term 1 [0m
[33m Server 1 heartbeat from 2 term 1 [0m
[33m Server 0 heartbeat from 2 term 1 [0m
[33m Server 1 heartbeat from 2 term 1 [0m
[33m Server 0 heartbeat from 2 term 1 [0m
[33m Server 1 heartbeat from 2 term 1 [0m
[33m Server 0 heartbeat from 2 term 1 [0m
[33m Server 1 heartbeat from 2 term 1 [0m
[33m Server 0 heartbeat from 2 term 1 [0m
[33m Server 0 heartbeat from 2 term 1 [0m
[33m Server 1 heartbeat from 2 term 1 [0m
[33m Server 0 heartbeat from 2 term 1 [0m
[33m Server 1 heartbeat from 2 term 1 [0m
[33m Server 0 heartbeat from 2 term 1 [0m
[33m Server 1 heartbeat from 2 term 1 [0m
[33m Server 0 heartbeat from 2 term 1 [0m
[33m Server 1 heartbeat from 2 term 1 [0m
[33m Server 1 heartbeat from 2 term 1 [0m
[33m Server 0 heartbeat from 2 term 1 [0m
[33m Server 1 heartbeat from 2 term 1 [0m
[33m Server 0 heartbeat from 2 term 1 [0m
[33m Server 1 heartbeat from 2 term 1 [0m
[33m Server 0 heartbeat from 2 term 1 [0m
  ... Passed --   3.1  3   54   14050    0
--- PASS: TestInitialElection3A (3.11s)
=== RUN   TestReElection3A
Test (3A): election after network failure ...
[34m Server 0 starts election term 0 [0m
server 2 åŒæ„å‘ server 0æŠ•ç¥¨
	args= &{Term:1 CandidateId:0 LastLogIndex:-1 LastLogTerm:0}
server 1 åŒæ„å‘ server 0æŠ•ç¥¨
	args= &{Term:1 CandidateId:0 LastLogIndex:-1 LastLogTerm:0}
[32m Server 0 becomes leader term 1 [0m
[33m Server 2 heartbeat from 0 term 1 [0m
[33m Server 1 heartbeat from 0 term 1 [0m
[33m Server 2 heartbeat from 0 term 1 [0m
[33m Server 1 heartbeat from 0 term 1 [0m
[33m Server 2 heartbeat from 0 term 1 [0m
[33m Server 1 heartbeat from 0 term 1 [0m
[33m Server 2 heartbeat from 0 term 1 [0m
[33m Server 1 heartbeat from 0 term 1 [0m
[33m Server 2 heartbeat from 0 term 1 [0m
[33m Server 1 heartbeat from 0 term 1 [0m
[34m Server 1 starts election term 1 [0m
server 2 åŒæ„å‘ server 1æŠ•ç¥¨
	args= &{Term:2 CandidateId:1 LastLogIndex:-1 LastLogTerm:0}
[32m Server 1 becomes leader term 2 [0m
[33m Server 2 heartbeat from 1 term 2 [0m
[33m Server 2 heartbeat from 1 term 2 [0m
[33m Server 2 heartbeat from 1 term 2 [0m
[33m Server 2 heartbeat from 1 term 2 [0m
[33m Server 0 heartbeat from 1 term 2 [0m
[33m Server 2 heartbeat from 1 term 2 [0m
[33m Server 2 heartbeat from 1 term 2 [0m
[33m Server 0 heartbeat from 1 term 2 [0m
[33m Server 2 heartbeat from 1 term 2 [0m
[33m Server 0 heartbeat from 1 term 2 [0m
[33m Server 2 heartbeat from 1 term 2 [0m
[33m Server 0 heartbeat from 1 term 2 [0m
[33m Server 2 heartbeat from 1 term 2 [0m
[33m Server 0 heartbeat from 1 term 2 [0m
[31m Server 0 sendAppendEntries to 1 failed term 2 state 0 [0m
[31m Server 0 sendAppendEntries to 2 failed term 2 state 0 [0m
[31m Server 1 sendAppendEntries to 0 failed term 2 state 2 [0m
[31m Server 1 sendAppendEntries to 2 failed term 2 state 2 [0m
[34m Server 0 starts election term 2 [0m
[34m Server 2 starts election term 2 [0m
[31m Server 0 sendAppendEntries to 2 failed term 3 state 1 [0m
[31m Server 1 sendAppendEntries to 0 failed term 2 state 2 [0m
[31m Server 1 sendAppendEntries to 2 failed term 2 state 2 [0m
[31m Server 0 sendAppendEntries to 1 failed term 3 state 1 [0m
[31m Server 2 sendRequestVote to 0 failed term 3 [0m
[31m Server 1 sendAppendEntries to 0 failed term 2 state 2 [0m
[31m Server 1 sendAppendEntries to 0 failed term 2 state 2 [0m
[31m Server 1 sendAppendEntries to 0 failed term 2 state 2 [0m
[31m Server 0 sendAppendEntries to 1 failed term 3 state 1 [0m
[31m Server 0 sendAppendEntries to 2 failed term 3 state 1 [0m
[31m Server 0 sendAppendEntries to 1 failed term 3 state 1 [0m
[31m Server 1 sendAppendEntries to 2 failed term 2 state 2 [0m
[31m Server 1 sendAppendEntries to 2 failed term 2 state 2 [0m
[31m Server 1 sendAppendEntries to 2 failed term 2 state 2 [0m
[31m Server 1 sendAppendEntries to 0 failed term 2 state 2 [0m
[31m Server 1 sendAppendEntries to 0 failed term 2 state 2 [0m
[31m Server 1 sendAppendEntries to 2 failed term 2 state 2 [0m
[31m Server 1 sendAppendEntries to 2 failed term 2 state 2 [0m
[31m Server 1 sendAppendEntries to 2 failed term 2 state 2 [0m
[31m Server 0 sendAppendEntries to 2 failed term 3 state 1 [0m
[31m Server 0 sendAppendEntries to 2 failed term 3 state 1 [0m
[31m Server 1 sendAppendEntries to 2 failed term 2 state 2 [0m
[31m Server 1 sendAppendEntries to 2 failed term 2 state 2 [0m
[31m Server 0 sendAppendEntries to 2 failed term 3 state 1 [0m
[31m Server 1 sendAppendEntries to 2 failed term 2 state 2 [0m
[31m Server 1 sendAppendEntries to 0 failed term 2 state 2 [0m
[31m Server 1 sendAppendEntries to 0 failed term 2 state 2 [0m
[31m Server 1 sendAppendEntries to 2 failed term 2 state 2 [0m
[31m Server 1 sendAppendEntries to 0 failed term 2 state 2 [0m
[31m Server 1 sendAppendEntries to 2 failed term 2 state 2 [0m
[31m Server 1 sendAppendEntries to 0 failed term 2 state 2 [0m
[31m Server 1 sendAppendEntries to 0 failed term 2 state 2 [0m
[31m Server 1 sendAppendEntries to 0 failed term 2 state 2 [0m
[31m Server 1 sendAppendEntries to 0 failed term 2 state 2 [0m
[31m Server 0 sendAppendEntries to 1 failed term 3 state 1 [0m
[31m Server 1 sendAppendEntries to 0 failed term 2 state 2 [0m
[31m Server 0 sendAppendEntries to 2 failed term 3 state 1 [0m
[31m Server 1 sendAppendEntries to 0 failed term 2 state 2 [0m
[31m Server 1 sendAppendEntries to 0 failed term 2 state 2 [0m
[31m Server 0 sendAppendEntries to 1 failed term 3 state 1 [0m
[31m Server 1 sendAppendEntries to 0 failed term 2 state 2 [0m
[31m Server 1 sendAppendEntries to 2 failed term 2 state 2 [0m
[31m Server 1 sendAppendEntries to 0 failed term 2 state 2 [0m
[31m Server 1 sendRequestVote to 0 failed term 2 [0m
[31m Server 1 sendAppendEntries to 0 failed term 2 state 2 [0m
[31m Server 1 sendAppendEntries to 0 failed term 2 state 2 [0m
[31m Server 1 sendAppendEntries to 0 failed term 2 state 2 [0m
[31m Server 1 sendAppendEntries to 0 failed term 2 state 2 [0m
[31m Server 1 sendAppendEntries to 2 failed term 2 state 2 [0m
[31m Server 0 sendAppendEntries to 1 failed term 3 state 1 [0m
[31m Server 1 sendAppendEntries to 2 failed term 2 state 2 [0m
[31m Server 0 sendRequestVote to 2 failed term 3 [0m
[31m Server 1 sendAppendEntries to 0 failed term 2 state 2 [0m
[31m Server 1 sendAppendEntries to 0 failed term 2 state 2 [0m
[31m Server 1 sendAppendEntries to 2 failed term 2 state 2 [0m
[31m Server 0 sendAppendEntries to 2 failed term 3 state 1 [0m
[31m Server 1 sendAppendEntries to 0 failed term 2 state 2 [0m
[31m Server 1 sendAppendEntries to 2 failed term 2 state 2 [0m
[31m Server 1 sendAppendEntries to 0 failed term 2 state 2 [0m
[31m Server 1 sendAppendEntries to 0 failed term 2 state 2 [0m
[31m Server 1 sendAppendEntries to 2 failed term 2 state 2 [0m
[31m Server 0 sendAppendEntries to 2 failed term 3 state 1 [0m
[31m Server 1 sendAppendEntries to 0 failed term 2 state 2 [0m
[31m Server 1 sendAppendEntries to 2 failed term 2 state 2 [0m
[31m Server 0 sendAppendEntries to 1 failed term 3 state 1 [0m
[31m Server 1 sendAppendEntries to 2 failed term 2 state 2 [0m
[31m Server 1 sendAppendEntries to 2 failed term 2 state 2 [0m
[31m Server 1 sendAppendEntries to 2 failed term 2 state 2 [0m
[31m Server 1 sendAppendEntries to 2 failed term 2 state 2 [0m
[31m Server 1 sendAppendEntries to 2 failed term 2 state 2 [0m
[31m Server 1 sendAppendEntries to 2 failed term 2 state 2 [0m
[31m Server 1 sendAppendEntries to 2 failed term 2 state 2 [0m
[31m Server 1 sendAppendEntries to 2 failed term 2 state 2 [0m
[31m Server 1 sendAppendEntries to 2 failed term 2 state 2 [0m
[31m Server 0 sendAppendEntries to 1 failed term 3 state 1 [0m
[31m Server 1 sendAppendEntries to 0 failed term 2 state 2 [0m
[31m Server 1 sendAppendEntries to 0 failed term 2 state 2 [0m
[31m Server 1 sendAppendEntries to 2 failed term 2 state 2 [0m
[31m Server 1 sendAppendEntries to 2 failed term 2 state 2 [0m
[31m Server 1 sendAppendEntries to 2 failed term 2 state 2 [0m
[31m Server 1 sendAppendEntries to 2 failed term 2 state 2 [0m
[31m Server 1 sendAppendEntries to 2 failed term 2 state 2 [0m
[31m Server 1 sendAppendEntries to 0 failed term 2 state 2 [0m
[31m Server 1 sendAppendEntries to 0 failed term 2 state 2 [0m
[31m Server 1 sendAppendEntries to 0 failed term 2 state 2 [0m
[31m Server 1 sendAppendEntries to 0 failed term 2 state 2 [0m
[31m Server 0 sendRequestVote to 1 failed term 3 [0m
[31m Server 0 election failed term 3 [0m
[31m Server 1 sendAppendEntries to 2 failed term 2 state 2 [0m
[31m Server 1 sendAppendEntries to 0 failed term 2 state 2 [0m
[31m Server 1 sendAppendEntries to 0 failed term 2 state 2 [0m
[31m Server 1 sendAppendEntries to 0 failed term 2 state 2 [0m
[31m Server 1 sendAppendEntries to 0 failed term 2 state 2 [0m
    config.go:454: expected one leader, got none
--- FAIL: TestReElection3A (9.47s)
=== RUN   TestManyElections3A
Test (3A): multiple elections ...
[31m Server 1 sendAppendEntries to 2 failed term 2 state 2 [0m
[31m Server 1 sendAppendEntries to 0 failed term 2 state 2 [0m
[31m Server 1 sendAppendEntries to 0 failed term 2 state 2 [0m
[31m Server 1 sendAppendEntries to 2 failed term 2 state 2 [0m
[31m Server 1 sendAppendEntries to 2 failed term 2 state 2 [0m
[31m Server 1 sendAppendEntries to 0 failed term 2 state 2 [0m
[31m Server 1 sendAppendEntries to 0 failed term 2 state 2 [0m
[31m Server 1 sendAppendEntries to 0 failed term 2 state 2 [0m
[31m Server 2 sendRequestVote to 1 failed term 3 [0m
[31m Server 2 election failed term 3 [0m
[31m Server 1 sendAppendEntries to 0 failed term 2 state 2 [0m
[34m Server 1 starts election term 0 [0m
server 6 åŒæ„å‘ server 1æŠ•ç¥¨
	args= &{Term:1 CandidateId:1 LastLogIndex:-1 LastLogTerm:0}
server 3 åŒæ„å‘ server 1æŠ•ç¥¨
	args= &{Term:1 CandidateId:1 LastLogIndex:-1 LastLogTerm:0}
server 4 åŒæ„å‘ server 1æŠ•ç¥¨
	args= &{Term:1 CandidateId:1 LastLogIndex:-1 LastLogTerm:0}
server 2 åŒæ„å‘ server 1æŠ•ç¥¨
	args= &{Term:1 CandidateId:1 LastLogIndex:-1 LastLogTerm:0}
server 5 åŒæ„å‘ server 1æŠ•ç¥¨
	args= &{Term:1 CandidateId:1 LastLogIndex:-1 LastLogTerm:0}
server 0 åŒæ„å‘ server 1æŠ•ç¥¨
	args= &{Term:1 CandidateId:1 LastLogIndex:-1 LastLogTerm:0}
[32m Server 1 becomes leader term 1 [0m
[31m Server 1 sendAppendEntries to 2 failed term 2 state 2 [0m
[33m Server 6 heartbeat from 1 term 1 [0m
[33m Server 2 heartbeat from 1 term 1 [0m
[33m Server 3 heartbeat from 1 term 1 [0m
[33m Server 5 heartbeat from 1 term 1 [0m
[33m Server 0 heartbeat from 1 term 1 [0m
[33m Server 4 heartbeat from 1 term 1 [0m
[31m Server 1 sendAppendEntries to 0 failed term 2 state 2 [0m
[31m Server 1 sendAppendEntries to 2 failed term 2 state 2 [0m
[33m Server 2 heartbeat from 1 term 1 [0m
[33m Server 4 heartbeat from 1 term 1 [0m
[33m Server 3 heartbeat from 1 term 1 [0m
[33m Server 6 heartbeat from 1 term 1 [0m
[33m Server 5 heartbeat from 1 term 1 [0m
[33m Server 0 heartbeat from 1 term 1 [0m
[31m Server 1 sendAppendEntries to 2 failed term 2 state 2 [0m
[31m Server 1 sendAppendEntries to 0 failed term 2 state 2 [0m
[31m Server 1 sendAppendEntries to 0 failed term 2 state 2 [0m
[31m Server 1 sendAppendEntries to 2 failed term 2 state 2 [0m
[33m Server 6 heartbeat from 1 term 1 [0m
[33m Server 2 heartbeat from 1 term 1 [0m
[33m Server 4 heartbeat from 1 term 1 [0m
[33m Server 3 heartbeat from 1 term 1 [0m
[33m Server 0 heartbeat from 1 term 1 [0m
[33m Server 5 heartbeat from 1 term 1 [0m
[33m Server 6 heartbeat from 1 term 1 [0m
[33m Server 0 heartbeat from 1 term 1 [0m
[33m Server 4 heartbeat from 1 term 1 [0m
[33m Server 2 heartbeat from 1 term 1 [0m
[33m Server 5 heartbeat from 1 term 1 [0m
[33m Server 3 heartbeat from 1 term 1 [0m
[31m Server 1 sendAppendEntries to 0 failed term 2 state 2 [0m
[31m Server 1 sendAppendEntries to 2 failed term 2 state 2 [0m
[33m Server 6 heartbeat from 1 term 1 [0m
[33m Server 4 heartbeat from 1 term 1 [0m
[33m Server 5 heartbeat from 1 term 1 [0m
[31m Server 1 sendAppendEntries to 2 failed term 2 state 2 [0m
[33m Server 6 heartbeat from 1 term 1 [0m
[33m Server 4 heartbeat from 1 term 1 [0m
[33m Server 5 heartbeat from 1 term 1 [0m
[31m Server 1 sendAppendEntries to 0 failed term 2 state 2 [0m
[33m Server 6 heartbeat from 1 term 1 [0m
[33m Server 5 heartbeat from 1 term 1 [0m
[33m Server 4 heartbeat from 1 term 1 [0m
[31m Server 1 sendAppendEntries to 2 failed term 2 state 2 [0m
[31m Server 1 sendAppendEntries to 0 failed term 2 state 2 [0m
[33m Server 6 heartbeat from 1 term 1 [0m
[33m Server 4 heartbeat from 1 term 1 [0m
[33m Server 5 heartbeat from 1 term 1 [0m
[33m Server 6 heartbeat from 1 term 1 [0m
[33m Server 4 heartbeat from 1 term 1 [0m
[33m Server 5 heartbeat from 1 term 1 [0m
[31m Server 1 sendAppendEntries to 0 failed term 2 state 2 [0m
[31m Server 1 sendAppendEntries to 3 failed term 1 state 2 [0m
[33m Server 6 heartbeat from 1 term 1 [0m
[33m Server 4 heartbeat from 1 term 1 [0m
[33m Server 5 heartbeat from 1 term 1 [0m
[34m Server 2 starts election term 1 [0m
server 5 åŒæ„å‘ server 2æŠ•ç¥¨
	args= &{Term:2 CandidateId:2 LastLogIndex:-1 LastLogTerm:0}
server 3 åŒæ„å‘ server 2æŠ•ç¥¨
	args= &{Term:2 CandidateId:2 LastLogIndex:-1 LastLogTerm:0}
server 0 åŒæ„å‘ server 2æŠ•ç¥¨
	args= &{Term:2 CandidateId:2 LastLogIndex:-1 LastLogTerm:0}
[32m Server 2 becomes leader term 2 [0m
[33m Server 5 heartbeat from 2 term 2 [0m
[33m Server 3 heartbeat from 2 term 2 [0m
[33m Server 0 heartbeat from 2 term 2 [0m
[33m Server 0 heartbeat from 2 term 2 [0m
[33m Server 3 heartbeat from 2 term 2 [0m
[33m Server 5 heartbeat from 2 term 2 [0m
[31m Server 1 sendAppendEntries to 2 failed term 2 state 2 [0m
[31m Server 1 sendAppendEntries to 2 failed term 2 state 2 [0m
[31m Server 1 sendAppendEntries to 0 failed term 2 state 2 [0m
[31m Server 2 sendAppendEntries to 1 failed term 2 state 2 [0m
[31m Server 1 sendAppendEntries to 0 failed term 2 state 2 [0m
[31m Server 1 sendAppendEntries to 0 failed term 2 state 2 [0m
[33m Server 0 heartbeat from 2 term 2 [0m
[33m Server 3 heartbeat from 2 term 2 [0m
[33m Server 5 heartbeat from 2 term 2 [0m
[31m Server 1 sendAppendEntries to 0 failed term 1 state 2 [0m
[33m Server 0 heartbeat from 2 term 2 [0m
[33m Server 3 heartbeat from 2 term 2 [0m
[33m Server 5 heartbeat from 2 term 2 [0m
[33m Server 0 heartbeat from 2 term 2 [0m
[34m Server 4 becomes follower term 2 [0m
[33m Server 4 heartbeat from 2 term 2 [0m
[33m Server 5 heartbeat from 2 term 2 [0m
[33m Server 1 heartbeat from 2 term 2 [0m
[31m Server 1 sendAppendEntries to 0 failed term 2 state 2 [0m
[31m Server 1 sendAppendEntries to 2 failed term 2 state 2 [0m
[31m Server 2 sendRequestVote to 4 failed term 2 [0m
[31m Server 1 sendAppendEntries to 2 failed term 2 state 2 [0m
[33m Server 1 heartbeat from 2 term 2 [0m
[33m Server 5 heartbeat from 2 term 2 [0m
[33m Server 4 heartbeat from 2 term 2 [0m
[33m Server 0 heartbeat from 2 term 2 [0m
[34m Server 6 starts election term 1 [0m
[33m Server 0 heartbeat from 2 term 2 [0m
[33m Server 1 heartbeat from 2 term 2 [0m
[33m Server 4 heartbeat from 2 term 2 [0m
[33m Server 5 heartbeat from 2 term 2 [0m
[31m Server 1 sendAppendEntries to 2 failed term 2 state 2 [0m
[31m Server 2 sendAppendEntries to 6 failed term 2 state 2 [0m
[31m Server 1 sendAppendEntries to 4 failed term 2 state 0 [0m
[33m Server 4 heartbeat from 2 term 2 [0m
[33m Server 5 heartbeat from 2 term 2 [0m
[33m Server 0 heartbeat from 2 term 2 [0m
[33m Server 1 heartbeat from 2 term 2 [0m
[31m Server 1 sendAppendEntries to 2 failed term 2 state 2 [0m
[31m Server 1 sendAppendEntries to 0 failed term 2 state 0 [0m
[31m Server 2 sendAppendEntries to 3 failed term 2 state 2 [0m
[33m Server 0 heartbeat from 2 term 2 [0m
[33m Server 4 heartbeat from 2 term 2 [0m
[33m Server 1 heartbeat from 2 term 2 [0m
[33m Server 5 heartbeat from 2 term 2 [0m
[31m Server 1 sendAppendEntries to 2 failed term 2 state 2 [0m
[31m Server 2 sendAppendEntries to 6 failed term 2 state 2 [0m
[31m Server 1 sendAppendEntries to 0 failed term 2 state 0 [0m
[31m Server 1 sendAppendEntries to 2 failed term 2 state 2 [0m
[31m Server 1 sendAppendEntries to 0 failed term 2 state 2 [0m
[31m Server 1 sendAppendEntries to 0 failed term 2 state 2 [0m
[31m Server 1 sendAppendEntries to 2 failed term 2 state 0 [0m
[31m Server 1 sendAppendEntries to 0 failed term 2 state 2 [0m
[34m Server 3 starts election term 2 [0m
server 0 åŒæ„å‘ server 3æŠ•ç¥¨
	args= &{Term:3 CandidateId:3 LastLogIndex:-1 LastLogTerm:0}
server 4 åŒæ„å‘ server 3æŠ•ç¥¨
	args= &{Term:3 CandidateId:3 LastLogIndex:-1 LastLogTerm:0}
server 5 åŒæ„å‘ server 3æŠ•ç¥¨
	args= &{Term:3 CandidateId:3 LastLogIndex:-1 LastLogTerm:0}
[32m Server 3 becomes leader term 3 [0m
[34m Server 1 starts election term 2 [0m
[33m Server 0 heartbeat from 3 term 3 [0m
[33m Server 4 heartbeat from 3 term 3 [0m
[33m Server 5 heartbeat from 3 term 3 [0m
[31m Server 2 sendAppendEntries to 3 failed term 2 state 2 [0m
[31m Server 2 sendAppendEntries to 0 failed term 2 state 2 [0m
[31m Server 1 sendAppendEntries to 2 failed term 2 state 2 [0m
[31m Server 3 sendAppendEntries to 6 failed term 3 state 2 [0m
[31m Server 2 sendAppendEntries to 6 failed term 2 state 2 [0m
[31m Server 1 sendAppendEntries to 2 failed term 2 state 2 [0m
[31m Server 1 sendAppendEntries to 0 failed term 2 state 2 [0m
[31m Server 1 sendAppendEntries to 2 failed term 2 state 2 [0m
[31m Server 2 sendAppendEntries to 1 failed term 2 state 2 [0m
[31m Server 1 sendAppendEntries to 2 failed term 2 state 2 [0m
[31m Server 1 sendAppendEntries to 3 failed term 3 state 1 [0m
[31m Server 2 sendAppendEntries to 0 failed term 2 state 2 [0m
[31m Server 1 sendAppendEntries to 3 failed term 3 state 1 [0m
[31m Server 1 sendAppendEntries to 0 failed term 2 state 2 [0m
[31m Server 1 sendAppendEntries to 2 failed term 2 state 2 [0m
[31m Server 1 sendAppendEntries to 2 failed term 2 state 2 [0m
[31m Server 1 sendAppendEntries to 5 failed term 3 state 1 [0m
[31m Server 2 sendAppendEntries to 6 failed term 2 state 2 [0m
[31m Server 1 sendAppendEntries to 3 failed term 3 state 1 [0m
[31m Server 1 sendAppendEntries to 2 failed term 2 state 2 [0m
[31m Server 6 sendRequestVote to 2 failed term 2 [0m
[31m Server 2 sendAppendEntries to 6 failed term 2 state 2 [0m
[31m Server 1 sendAppendEntries to 2 failed term 2 state 2 [0m
[31m Server 1 sendAppendEntries to 2 failed term 2 state 2 [0m
[31m Server 1 sendAppendEntries to 0 failed term 2 state 2 [0m
[34m Server 4 starts election term 3 [0m
server 0 åŒæ„å‘ server 4æŠ•ç¥¨
	args= &{Term:4 CandidateId:4 LastLogIndex:-1 LastLogTerm:0}
server 5 åŒæ„å‘ server 4æŠ•ç¥¨
	args= &{Term:4 CandidateId:4 LastLogIndex:-1 LastLogTerm:0}
server 1 åŒæ„å‘ server 4æŠ•ç¥¨
	args= &{Term:4 CandidateId:4 LastLogIndex:-1 LastLogTerm:0}
[32m Server 4 becomes leader term 4 [0m
[31m Server 1 sendAppendEntries to 2 failed term 2 state 2 [0m
[33m Server 5 heartbeat from 4 term 4 [0m
[33m Server 1 heartbeat from 4 term 4 [0m
[33m Server 0 heartbeat from 4 term 4 [0m
[31m Server 3 sendAppendEntries to 0 failed term 3 state 2 [0m
[31m Server 1 sendAppendEntries to 2 failed term 4 state 0 [0m
[31m Server 3 sendAppendEntries to 6 failed term 3 state 2 [0m
[33m Server 1 heartbeat from 4 term 4 [0m
[33m Server 0 heartbeat from 4 term 4 [0m
[33m Server 5 heartbeat from 4 term 4 [0m
[31m Server 2 sendAppendEntries to 5 failed term 2 state 2 [0m
[31m Server 3 sendRequestVote to 1 failed term 3 [0m
[31m Server 2 sendAppendEntries to 3 failed term 2 state 2 [0m
[33m Server 0 heartbeat from 4 term 4 [0m
[33m Server 1 heartbeat from 4 term 4 [0m
[33m Server 5 heartbeat from 4 term 4 [0m
[31m Server 3 sendAppendEntries to 5 failed term 3 state 2 [0m
[31m Server 2 sendAppendEntries to 6 failed term 2 state 2 [0m
[31m Server 1 sendAppendEntries to 2 failed term 2 state 2 [0m
[33m Server 0 heartbeat from 4 term 4 [0m
[33m Server 5 heartbeat from 4 term 4 [0m
[33m Server 1 heartbeat from 4 term 4 [0m
[31m Server 1 sendAppendEntries to 0 failed term 2 state 2 [0m
[31m Server 1 sendAppendEntries to 5 failed term 4 state 0 [0m
[31m Server 1 sendAppendEntries to 0 failed term 2 state 2 [0m
[31m Server 3 sendAppendEntries to 6 failed term 3 state 2 [0m
[31m Server 2 sendAppendEntries to 0 failed term 2 state 2 [0m
[31m Server 1 sendAppendEntries to 0 failed term 4 state 0 [0m
[31m Server 1 sendAppendEntries to 0 failed term 2 state 2 [0m
[33m Server 6 heartbeat from 2 term 2 [0m
[34m Server 6 becomes follower term 4 [0m
[33m Server 6 heartbeat from 4 term 4 [0m
[33m Server 5 heartbeat from 4 term 4 [0m
[33m Server 2 heartbeat from 4 term 4 [0m
[33m Server 6 heartbeat from 4 term 4 [0m
[33m Server 5 heartbeat from 4 term 4 [0m
[33m Server 2 heartbeat from 4 term 4 [0m
[31m Server 2 sendAppendEntries to 5 failed term 4 state 0 [0m
[31m Server 2 sendAppendEntries to 5 failed term 4 state 0 [0m
[31m Server 3 sendAppendEntries to 1 failed term 3 state 2 [0m
[33m Server 5 heartbeat from 4 term 4 [0m
[33m Server 2 heartbeat from 4 term 4 [0m
[33m Server 6 heartbeat from 4 term 4 [0m
[31m Server 3 sendAppendEntries to 1 failed term 3 state 2 [0m
[31m Server 6 sendRequestVote to 3 failed term 4 [0m
[31m Server 1 sendAppendEntries to 4 failed term 4 state 0 [0m
[31m Server 2 sendAppendEntries to 1 failed term 4 state 0 [0m
[33m Server 6 heartbeat from 4 term 4 [0m
[33m Server 2 heartbeat from 4 term 4 [0m
[33m Server 5 heartbeat from 4 term 4 [0m
[31m Server 3 sendAppendEntries to 2 failed term 3 state 2 [0m
[31m Server 3 sendAppendEntries to 1 failed term 3 state 2 [0m
[31m Server 4 sendAppendEntries to 0 failed term 4 state 2 [0m
[31m Server 3 sendAppendEntries to 6 failed term 3 state 2 [0m
[31m Server 1 sendAppendEntries to 6 failed term 4 state 0 [0m
[31m Server 1 sendAppendEntries to 2 failed term 2 state 2 [0m
[31m Server 4 sendAppendEntries to 6 failed term 4 state 2 [0m
[31m Server 2 sendAppendEntries to 0 failed term 4 state 0 [0m
[31m Server 3 sendAppendEntries to 1 failed term 4 state 0 [0m
[31m Server 2 sendAppendEntries to 5 failed term 4 state 0 [0m
[31m Server 1 sendAppendEntries to 0 failed term 2 state 2 [0m
[31m Server 2 sendAppendEntries to 0 failed term 4 state 0 [0m
[31m Server 4 sendAppendEntries to 2 failed term 4 state 2 [0m
[31m Server 4 sendRequestVote to 3 failed term 4 [0m
[31m Server 2 sendAppendEntries to 4 failed term 4 state 0 [0m
[31m Server 1 sendAppendEntries to 0 failed term 2 state 2 [0m
[31m Server 6 sendRequestVote to 5 failed term 4 [0m
[31m Server 2 sendAppendEntries to 3 failed term 4 state 0 [0m
[31m Server 4 sendAppendEntries to 6 failed term 4 state 2 [0m
[31m Server 1 sendAppendEntries to 3 failed term 4 state 0 [0m
[31m Server 2 sendAppendEntries to 3 failed term 4 state 0 [0m
[31m Server 2 sendAppendEntries to 0 failed term 4 state 0 [0m
[31m Server 1 sendAppendEntries to 4 failed term 4 state 0 [0m
[31m Server 1 sendAppendEntries to 2 failed term 2 state 2 [0m
[31m Server 2 sendAppendEntries to 5 failed term 4 state 0 [0m
[31m Server 2 sendAppendEntries to 1 failed term 4 state 0 [0m
[31m Server 1 sendAppendEntries to 2 failed term 4 state 0 [0m
[31m Server 1 sendAppendEntries to 0 failed term 4 state 0 [0m
[31m Server 1 sendAppendEntries to 2 failed term 2 state 2 [0m
[34m Server 0 starts election term 4 [0m
server 3 åŒæ„å‘ server 0æŠ•ç¥¨
	args= &{Term:5 CandidateId:0 LastLogIndex:-1 LastLogTerm:0}
server 5 åŒæ„å‘ server 0æŠ•ç¥¨
	args= &{Term:5 CandidateId:0 LastLogIndex:-1 LastLogTerm:0}
server 6 åŒæ„å‘ server 0æŠ•ç¥¨
	args= &{Term:5 CandidateId:0 LastLogIndex:-1 LastLogTerm:0}
[32m Server 0 becomes leader term 5 [0m
[31m Server 4 sendAppendEntries to 6 failed term 4 state 2 [0m
[31m Server 4 sendAppendEntries to 6 failed term 4 state 2 [0m
[31m Server 2 sendAppendEntries to 5 failed term 4 state 0 [0m
[31m Server 4 sendRequestVote to 6 failed term 4 [0m
[31m Server 4 sendAppendEntries to 2 failed term 4 state 2 [0m
[31m Server 2 sendAppendEntries to 6 failed term 4 state 0 [0m
[31m Server 2 sendAppendEntries to 0 failed term 4 state 0 [0m
[33m Server 6 heartbeat from 0 term 5 [0m
[34m Server 2 becomes follower term 5 [0m
[33m Server 2 heartbeat from 0 term 5 [0m
[33m Server 3 heartbeat from 0 term 5 [0m
[33m Server 4 heartbeat from 0 term 5 [0m
[31m Server 4 sendAppendEntries to 3 failed term 5 state 0 [0m
[31m Server 2 sendAppendEntries to 1 failed term 5 state 0 [0m
[31m Server 2 sendAppendEntries to 4 failed term 5 state 0 [0m
[33m Server 6 heartbeat from 0 term 5 [0m
[33m Server 2 heartbeat from 0 term 5 [0m
[33m Server 4 heartbeat from 0 term 5 [0m
[33m Server 3 heartbeat from 0 term 5 [0m
[31m Server 2 sendAppendEntries to 3 failed term 5 state 0 [0m
[31m Server 0 sendRequestVote to 2 failed term 5 [0m
[31m Server 2 sendAppendEntries to 3 failed term 5 state 0 [0m
[31m Server 3 sendAppendEntries to 6 failed term 5 state 0 [0m
[31m Server 3 sendAppendEntries to 2 failed term 5 state 0 [0m
[31m Server 2 sendAppendEntries to 1 failed term 5 state 0 [0m
[31m Server 3 sendAppendEntries to 5 failed term 5 state 0 [0m
[31m Server 3 sendAppendEntries to 2 failed term 5 state 0 [0m
[31m Server 1 sendAppendEntries to 0 failed term 4 state 0 [0m
[31m Server 1 sendAppendEntries to 0 failed term 2 state 2 [0m
[33m Server 6 heartbeat from 0 term 5 [0m
[33m Server 2 heartbeat from 0 term 5 [0m
[33m Server 4 heartbeat from 0 term 5 [0m
[33m Server 3 heartbeat from 0 term 5 [0m
[31m Server 4 sendAppendEntries to 0 failed term 5 state 0 [0m
[31m Server 1 sendAppendEntries to 0 failed term 2 state 2 [0m
[31m Server 2 sendAppendEntries to 0 failed term 5 state 0 [0m
[31m Server 3 sendAppendEntries to 4 failed term 5 state 0 [0m
[33m Server 4 heartbeat from 0 term 5 [0m
[33m Server 3 heartbeat from 0 term 5 [0m
[33m Server 2 heartbeat from 0 term 5 [0m
[33m Server 6 heartbeat from 0 term 5 [0m
[31m Server 1 sendAppendEntries to 2 failed term 2 state 2 [0m
[31m Server 1 sendAppendEntries to 0 failed term 2 state 2 [0m
[31m Server 6 sendRequestVote to 1 failed term 5 [0m
[31m Server 1 sendAppendEntries to 5 failed term 4 state 0 [0m
[31m Server 2 sendAppendEntries to 3 failed term 5 state 0 [0m
[31m Server 1 sendAppendEntries to 2 failed term 2 state 2 [0m
[33m Server 6 heartbeat from 0 term 5 [0m
[33m Server 3 heartbeat from 0 term 5 [0m
[33m Server 4 heartbeat from 0 term 5 [0m
[33m Server 2 heartbeat from 0 term 5 [0m
[31m Server 3 sendAppendEntries to 5 failed term 5 state 0 [0m
[31m Server 1 sendAppendEntries to 0 failed term 2 state 2 [0m
[31m Server 2 sendAppendEntries to 4 failed term 5 state 0 [0m
[31m Server 3 sendAppendEntries to 6 failed term 5 state 0 [0m
[31m Server 2 sendAppendEntries to 1 failed term 5 state 0 [0m
[31m Server 3 sendAppendEntries to 5 failed term 5 state 0 [0m
[33m Server 6 heartbeat from 0 term 5 [0m
[34m Server 1 becomes follower term 5 [0m
[33m Server 1 heartbeat from 0 term 5 [0m
[33m Server 4 heartbeat from 0 term 5 [0m
[31m Server 3 sendAppendEntries to 2 failed term 5 state 0 [0m
[31m Server 1 sendAppendEntries to 0 failed term 2 state 2 [0m
[31m Server 2 sendAppendEntries to 6 failed term 5 state 0 [0m
[31m Server 3 sendAppendEntries to 0 failed term 5 state 0 [0m
[31m Server 2 sendAppendEntries to 1 failed term 5 state 0 [0m
[33m Server 6 heartbeat from 0 term 5 [0m
[33m Server 4 heartbeat from 0 term 5 [0m
[33m Server 1 heartbeat from 0 term 5 [0m
[31m Server 2 sendAppendEntries to 4 failed term 5 state 0 [0m
[31m Server 2 sendAppendEntries to 3 failed term 5 state 0 [0m
[31m Server 1 sendRequestVote to 2 failed term 5 [0m
[31m Server 3 sendAppendEntries to 1 failed term 5 state 0 [0m
[31m Server 3 sendAppendEntries to 5 failed term 5 state 0 [0m
[31m Server 3 sendAppendEntries to 4 failed term 5 state 0 [0m
[31m Server 2 sendAppendEntries to 0 failed term 5 state 0 [0m
[31m Server 1 sendAppendEntries to 2 failed term 2 state 2 [0m
[31m Server 1 sendAppendEntries to 3 failed term 5 state 0 [0m
[33m Server 6 heartbeat from 0 term 5 [0m
[33m Server 4 heartbeat from 0 term 5 [0m
[33m Server 1 heartbeat from 0 term 5 [0m
[31m Server 0 sendAppendEntries to 3 failed term 5 state 2 [0m
[31m Server 1 sendAppendEntries to 0 failed term 5 state 0 [0m
[31m Server 2 sendRequestVote to 1 failed term 5 [0m
[33m Server 4 heartbeat from 0 term 5 [0m
[33m Server 1 heartbeat from 0 term 5 [0m
[33m Server 6 heartbeat from 0 term 5 [0m
[31m Server 2 sendAppendEntries to 4 failed term 5 state 0 [0m
[31m Server 2 sendAppendEntries to 3 failed term 5 state 0 [0m
[31m Server 6 sendRequestVote to 4 failed term 5 [0m
[34m Server 5 starts election term 5 [0m
[31m Server 5 sendRequestVote to 0 failed term 6 [0m
[31m Server 4 sendAppendEntries to 3 failed term 5 state 0 [0m
[31m Server 1 sendAppendEntries to 0 failed term 2 state 2 [0m
[33m Server 4 heartbeat from 0 term 5 [0m
[33m Server 1 heartbeat from 0 term 5 [0m
[33m Server 6 heartbeat from 0 term 5 [0m
[31m Server 1 sendAppendEntries to 6 failed term 5 state 0 [0m
[31m Server 0 sendAppendEntries to 2 failed term 5 state 2 [0m
[31m Server 1 sendAppendEntries to 0 failed term 2 state 2 [0m
[31m Server 2 sendAppendEntries to 0 failed term 5 state 0 [0m
[31m Server 4 sendAppendEntries to 5 failed term 5 state 0 [0m
[33m Server 6 heartbeat from 0 term 5 [0m
[33m Server 3 heartbeat from 0 term 5 [0m
[33m Server 1 heartbeat from 0 term 5 [0m
[33m Server 2 heartbeat from 0 term 5 [0m
[33m Server 4 heartbeat from 0 term 5 [0m
[31m Server 2 sendAppendEntries to 4 failed term 5 state 0 [0m
[31m Server 2 sendAppendEntries to 4 failed term 5 state 0 [0m
[31m Server 1 sendAppendEntries to 5 failed term 5 state 0 [0m
[31m Server 1 sendAppendEntries to 3 failed term 5 state 0 [0m
[31m Server 2 sendAppendEntries to 6 failed term 5 state 0 [0m
[31m Server 4 sendAppendEntries to 0 failed term 5 state 0 [0m
[31m Server 1 sendAppendEntries to 4 failed term 5 state 0 [0m
[31m Server 4 sendAppendEntries to 3 failed term 5 state 0 [0m
[31m Server 3 sendAppendEntries to 4 failed term 5 state 0 [0m
[31m Server 3 sendAppendEntries to 1 failed term 5 state 0 [0m
[31m Server 1 sendAppendEntries to 3 failed term 5 state 0 [0m
[31m Server 3 sendAppendEntries to 2 failed term 5 state 0 [0m
[31m Server 2 sendAppendEntries to 3 failed term 5 state 0 [0m
[31m Server 1 sendAppendEntries to 2 failed term 5 state 0 [0m
[31m Server 2 sendAppendEntries to 1 failed term 5 state 0 [0m
[31m Server 3 sendAppendEntries to 4 failed term 5 state 0 [0m
[31m Server 2 sendAppendEntries to 0 failed term 5 state 0 [0m
[31m Server 3 sendAppendEntries to 2 failed term 5 state 0 [0m
[31m Server 2 sendAppendEntries to 4 failed term 5 state 0 [0m
[31m Server 2 sendAppendEntries to 5 failed term 5 state 0 [0m
[31m Server 3 sendAppendEntries to 6 failed term 5 state 0 [0m
[31m Server 4 sendAppendEntries to 2 failed term 5 state 0 [0m
[31m Server 4 sendAppendEntries to 3 failed term 5 state 0 [0m
[31m Server 3 sendAppendEntries to 0 failed term 5 state 0 [0m
[31m Server 4 sendAppendEntries to 1 failed term 5 state 0 [0m
[31m Server 2 sendAppendEntries to 5 failed term 5 state 0 [0m
[31m Server 2 sendAppendEntries to 1 failed term 5 state 0 [0m
[31m Server 3 sendAppendEntries to 4 failed term 5 state 0 [0m
[31m Server 2 sendAppendEntries to 1 failed term 5 state 0 [0m
[31m Server 2 sendAppendEntries to 4 failed term 5 state 0 [0m
[31m Server 3 sendAppendEntries to 5 failed term 5 state 0 [0m
[31m Server 2 sendAppendEntries to 6 failed term 5 state 0 [0m
[31m Server 3 sendAppendEntries to 2 failed term 5 state 0 [0m
[31m Server 2 sendAppendEntries to 1 failed term 5 state 0 [0m
[31m Server 2 sendAppendEntries to 1 failed term 5 state 0 [0m
[31m Server 2 sendAppendEntries to 0 failed term 5 state 0 [0m
[31m Server 3 sendAppendEntries to 0 failed term 5 state 0 [0m
[31m Server 1 sendAppendEntries to 2 failed term 5 state 0 [0m
[31m Server 4 sendAppendEntries to 1 failed term 5 state 0 [0m
[31m Server 2 sendAppendEntries to 6 failed term 5 state 0 [0m
[31m Server 3 sendAppendEntries to 0 failed term 5 state 0 [0m
[31m Server 4 sendAppendEntries to 5 failed term 5 state 0 [0m
[31m Server 3 sendAppendEntries to 2 failed term 5 state 0 [0m
[31m Server 1 sendAppendEntries to 3 failed term 5 state 0 [0m
[31m Server 4 sendAppendEntries to 3 failed term 5 state 0 [0m
[31m Server 0 sendAppendEntries to 1 failed term 6 state 0 [0m
[31m Server 3 sendAppendEntries to 6 failed term 5 state 0 [0m
[31m Server 3 sendAppendEntries to 5 failed term 5 state 0 [0m
[31m Server 2 sendAppendEntries to 3 failed term 5 state 0 [0m
[31m Server 4 sendAppendEntries to 2 failed term 5 state 0 [0m
[31m Server 4 sendAppendEntries to 3 failed term 5 state 0 [0m
[31m Server 2 sendAppendEntries to 6 failed term 5 state 0 [0m
[31m Server 2 sendAppendEntries to 6 failed term 5 state 0 [0m
[31m Server 1 sendAppendEntries to 0 failed term 5 state 0 [0m
[31m Server 3 sendAppendEntries to 4 failed term 5 state 0 [0m
[31m Server 4 sendAppendEntries to 0 failed term 5 state 0 [0m
[31m Server 4 sendAppendEntries to 1 failed term 5 state 0 [0m
[31m Server 2 sendAppendEntries to 6 failed term 5 state 0 [0m
[31m Server 1 sendAppendEntries to 0 failed term 5 state 0 [0m
[31m Server 2 sendRequestVote to 6 failed term 5 [0m
[31m Server 2 election failed term 5 [0m
[31m Server 4 sendAppendEntries to 5 failed term 5 state 0 [0m
[31m Server 3 sendAppendEntries to 5 failed term 5 state 0 [0m
[31m Server 2 sendAppendEntries to 4 failed term 5 state 0 [0m
[31m Server 3 sendAppendEntries to 4 failed term 5 state 0 [0m
[31m Server 4 sendAppendEntries to 5 failed term 5 state 0 [0m
[31m Server 2 sendAppendEntries to 6 failed term 5 state 0 [0m
[31m Server 1 sendAppendEntries to 2 failed term 5 state 0 [0m
[31m Server 3 sendAppendEntries to 1 failed term 5 state 0 [0m
[31m Server 3 sendAppendEntries to 5 failed term 5 state 0 [0m
[31m Server 2 sendAppendEntries to 4 failed term 5 state 0 [0m
[31m Server 4 sendAppendEntries to 5 failed term 5 state 0 [0m
[31m Server 4 sendAppendEntries to 6 failed term 5 state 0 [0m
[31m Server 3 sendAppendEntries to 0 failed term 5 state 0 [0m
[31m Server 1 sendAppendEntries to 2 failed term 5 state 0 [0m
[31m Server 1 sendAppendEntries to 3 failed term 5 state 0 [0m
[31m Server 2 sendAppendEntries to 5 failed term 5 state 0 [0m
[31m Server 2 sendAppendEntries to 4 failed term 5 state 0 [0m
[31m Server 4 sendAppendEntries to 1 failed term 5 state 0 [0m
[34m Server 2 starts election term 5 [0m
server 5 æ‹’ç»å‘ server 2æŠ•ç¥¨: å·²æŠ•ç¥¨
	args= &{Term:6 CandidateId:2 LastLogIndex:-1 LastLogTerm:0}
server 6 åŒæ„å‘ server 2æŠ•ç¥¨
	args= &{Term:6 CandidateId:2 LastLogIndex:-1 LastLogTerm:0}
server 1 åŒæ„å‘ server 2æŠ•ç¥¨
	args= &{Term:6 CandidateId:2 LastLogIndex:-1 LastLogTerm:0}
server 3 åŒæ„å‘ server 2æŠ•ç¥¨
	args= &{Term:6 CandidateId:2 LastLogIndex:-1 LastLogTerm:0}
server 0 åŒæ„å‘ server 2æŠ•ç¥¨
	args= &{Term:6 CandidateId:2 LastLogIndex:-1 LastLogTerm:0}
server 4 åŒæ„å‘ server 2æŠ•ç¥¨
	args= &{Term:6 CandidateId:2 LastLogIndex:-1 LastLogTerm:0}
[32m Server 2 becomes leader term 6 [0m
[33m Server 6 heartbeat from 2 term 6 [0m
[33m Server 0 heartbeat from 2 term 6 [0m
[33m Server 3 heartbeat from 2 term 6 [0m
[33m Server 5 heartbeat from 2 term 6 [0m
[33m Server 4 heartbeat from 2 term 6 [0m
[33m Server 1 heartbeat from 2 term 6 [0m
  ... Passed --   7.4  7  546  116030    0
--- PASS: TestManyElections3A (7.39s)
FAIL
exit status 1
FAIL	6.5840/raft	19.978s
