=== RUN   TestInitialElection3A
Test (3A): initial election ...
[34m Server 1 starts election term 0 [0m
server 0 åŒæ„å‘ server 1æŠ•ç¥¨
	args= &{Term:1 CandidateId:1 LastLogIndex:-1 LastLogTerm:0}
server 2 åŒæ„å‘ server 1æŠ•ç¥¨
	args= &{Term:1 CandidateId:1 LastLogIndex:-1 LastLogTerm:0}
[32m server 1 became leader [0m
server 1 start sending heartbeats
[33m Server 2 heartbeat from 1 term 1 [0m
[33m Server 0 heartbeat from 1 term 1 [0m
[33m Server 2 heartbeat from 1 term 1 [0m
[33m Server 0 heartbeat from 1 term 1 [0m
[33m Server 0 heartbeat from 1 term 1 [0m
[33m Server 2 heartbeat from 1 term 1 [0m
[33m Server 2 heartbeat from 1 term 1 [0m
[33m Server 0 heartbeat from 1 term 1 [0m
[33m Server 0 heartbeat from 1 term 1 [0m
[33m Server 2 heartbeat from 1 term 1 [0m
[33m Server 2 heartbeat from 1 term 1 [0m
[33m Server 0 heartbeat from 1 term 1 [0m
[33m Server 0 heartbeat from 1 term 1 [0m
[33m Server 2 heartbeat from 1 term 1 [0m
[33m Server 0 heartbeat from 1 term 1 [0m
[33m Server 2 heartbeat from 1 term 1 [0m
[33m Server 2 heartbeat from 1 term 1 [0m
[33m Server 0 heartbeat from 1 term 1 [0m
[33m Server 2 heartbeat from 1 term 1 [0m
[33m Server 0 heartbeat from 1 term 1 [0m
[33m Server 2 heartbeat from 1 term 1 [0m
[33m Server 0 heartbeat from 1 term 1 [0m
[33m Server 0 heartbeat from 1 term 1 [0m
[33m Server 2 heartbeat from 1 term 1 [0m
[33m Server 2 heartbeat from 1 term 1 [0m
[33m Server 0 heartbeat from 1 term 1 [0m
[33m Server 0 heartbeat from 1 term 1 [0m
[33m Server 2 heartbeat from 1 term 1 [0m
[33m Server 0 heartbeat from 1 term 1 [0m
[33m Server 2 heartbeat from 1 term 1 [0m
[33m Server 0 heartbeat from 1 term 1 [0m
[33m Server 2 heartbeat from 1 term 1 [0m
[33m Server 2 heartbeat from 1 term 1 [0m
[33m Server 0 heartbeat from 1 term 1 [0m
[33m Server 2 heartbeat from 1 term 1 [0m
[33m Server 0 heartbeat from 1 term 1 [0m
[33m Server 2 heartbeat from 1 term 1 [0m
[33m Server 0 heartbeat from 1 term 1 [0m
[33m Server 0 heartbeat from 1 term 1 [0m
[33m Server 2 heartbeat from 1 term 1 [0m
[33m Server 2 heartbeat from 1 term 1 [0m
[33m Server 0 heartbeat from 1 term 1 [0m
[33m Server 0 heartbeat from 1 term 1 [0m
[33m Server 2 heartbeat from 1 term 1 [0m
[33m Server 2 heartbeat from 1 term 1 [0m
[33m Server 0 heartbeat from 1 term 1 [0m
[33m Server 2 heartbeat from 1 term 1 [0m
[33m Server 0 heartbeat from 1 term 1 [0m
[33m Server 2 heartbeat from 1 term 1 [0m
[33m Server 0 heartbeat from 1 term 1 [0m
[33m Server 0 heartbeat from 1 term 1 [0m
[33m Server 2 heartbeat from 1 term 1 [0m
[33m Server 0 heartbeat from 1 term 1 [0m
[33m Server 2 heartbeat from 1 term 1 [0m
[33m Server 2 heartbeat from 1 term 1 [0m
[33m Server 0 heartbeat from 1 term 1 [0m
[33m Server 0 heartbeat from 1 term 1 [0m
[33m Server 2 heartbeat from 1 term 1 [0m
[33m Server 2 heartbeat from 1 term 1 [0m
[33m Server 0 heartbeat from 1 term 1 [0m
  ... Passed --   4.5  3   62   16042    0
--- PASS: TestInitialElection3A (4.53s)
=== RUN   TestReElection3A
Test (3A): election after network failure ...
[34m Server 2 starts election term 0 [0m
server 1 åŒæ„å‘ server 2æŠ•ç¥¨
	args= &{Term:1 CandidateId:2 LastLogIndex:-1 LastLogTerm:0}
server 0 åŒæ„å‘ server 2æŠ•ç¥¨
	args= &{Term:1 CandidateId:2 LastLogIndex:-1 LastLogTerm:0}
[32m server 2 became leader [0m
server 2 start sending heartbeats
[33m Server 0 heartbeat from 2 term 1 [0m
[33m Server 1 heartbeat from 2 term 1 [0m
[33m Server 1 heartbeat from 2 term 1 [0m
[33m Server 0 heartbeat from 2 term 1 [0m
[33m Server 0 heartbeat from 2 term 1 [0m
[33m Server 1 heartbeat from 2 term 1 [0m
[31m Server 2 sendAppendEntries to 1 failed term 1 [0m
[31m Server 2 sendAppendEntries to 0 failed term 1 [0m
[31m Server 2 sendAppendEntries to 1 failed term 1 [0m
[31m Server 2 sendAppendEntries to 1 failed term 1 [0m
[34m Server 1 starts election term 1 [0m
server 0 åŒæ„å‘ server 1æŠ•ç¥¨
	args= &{Term:2 CandidateId:1 LastLogIndex:-1 LastLogTerm:0}
[32m server 1 became leader [0m
server 1 start sending heartbeats
[33m Server 0 heartbeat from 1 term 2 [0m
[31m Server 2 sendAppendEntries to 1 failed term 1 [0m
[31m Server 2 sendAppendEntries to 1 failed term 1 [0m
[33m Server 0 heartbeat from 1 term 2 [0m
[33m Server 0 heartbeat from 1 term 2 [0m
[33m Server 0 heartbeat from 1 term 2 [0m
[34m Server 2 becomes follower term 2 [0m
[33m Server 2 heartbeat from 1 term 2 [0m
server 2 is not leader, stop to send heart beats
[33m Server 2 heartbeat from 1 term 2 [0m
[33m Server 0 heartbeat from 1 term 2 [0m
[31m Server 1 sendAppendEntries to 2 failed term 2 [0m
[33m Server 0 heartbeat from 1 term 2 [0m
[33m Server 2 heartbeat from 1 term 2 [0m
[33m Server 2 heartbeat from 1 term 2 [0m
[33m Server 0 heartbeat from 1 term 2 [0m
[33m Server 2 heartbeat from 1 term 2 [0m
[33m Server 0 heartbeat from 1 term 2 [0m
[31m Server 2 sendAppendEntries to 0 failed term 2 [0m
[31m Server 2 sendAppendEntries to 1 failed term 2 [0m
[31m Server 2 sendAppendEntries to 0 failed term 2 [0m
[31m Server 2 sendAppendEntries to 1 failed term 2 [0m
[31m Server 2 sendAppendEntries to 1 failed term 2 [0m
[31m Server 1 sendAppendEntries to 2 failed term 2 [0m
[31m Server 2 sendAppendEntries to 1 failed term 2 [0m
[31m Server 2 sendAppendEntries to 0 failed term 2 [0m
[31m Server 2 sendAppendEntries to 0 failed term 2 [0m
[31m Server 1 sendAppendEntries to 2 failed term 2 [0m
[31m Server 1 sendAppendEntries to 0 failed term 2 [0m
[31m Server 2 sendAppendEntries to 0 failed term 2 [0m
[31m Server 1 sendAppendEntries to 2 failed term 2 [0m
[31m Server 2 sendAppendEntries to 0 failed term 2 [0m
[31m Server 2 sendAppendEntries to 0 failed term 2 [0m
[31m Server 2 sendAppendEntries to 0 failed term 2 [0m
[34m Server 2 starts election term 2 [0m
[31m Server 2 sendAppendEntries to 0 failed term 3 [0m
[34m Server 0 starts election term 2 [0m
[31m Server 1 sendAppendEntries to 2 failed term 2 [0m
[31m Server 1 sendAppendEntries to 0 failed term 2 [0m
[31m Server 1 sendAppendEntries to 2 failed term 2 [0m
[31m Server 1 sendAppendEntries to 0 failed term 2 [0m
[31m Server 2 sendAppendEntries to 1 failed term 3 [0m
[31m Server 2 sendAppendEntries to 0 failed term 3 [0m
[31m Server 1 sendAppendEntries to 0 failed term 2 [0m
[31m Server 2 sendAppendEntries to 1 failed term 3 [0m
[31m Server 2 sendAppendEntries to 1 failed term 3 [0m
[31m Server 1 sendAppendEntries to 2 failed term 2 [0m
[31m Server 2 sendAppendEntries to 0 failed term 3 [0m
[31m Server 2 sendAppendEntries to 1 failed term 3 [0m
[31m Server 1 sendAppendEntries to 2 failed term 2 [0m
[31m Server 1 sendAppendEntries to 2 failed term 2 [0m
[31m Server 2 sendAppendEntries to 0 failed term 3 [0m
[31m Server 1 sendAppendEntries to 0 failed term 2 [0m
[31m Server 1 sendAppendEntries to 2 failed term 2 [0m
